# JRE version: Java(TM) SE Runtime Environment (17.0.8+9) (build 17.0.8+9-LTS-211)
# Java VM: Java HotSpot(TM) 64-Bit Server VM (17.0.8+9-LTS-211, mixed mode, emulated-client, sharing, tiered, compressed oops, compressed class ptrs, g1 gc, windows-amd64)
GC Precious Log:
 CPUs: 16 total, 16 available
 Memory: 15789M
 Large Page Support: Disabled
 NUMA Support: Disabled
 Compressed Oops: Enabled (Zero based)
 Heap Region Size: 2M
 Heap Min Capacity: 8M
 Heap Initial Capacity: 248M
 Heap Max Capacity: 3948M
 Pre-touch: Disabled
 Parallel Workers: 13
 Concurrent Workers: 3
 Concurrent Refinement Workers: 13
 Periodic GC: Disabled
Heap:
 garbage-first heap   total 464896K, used 227442K [0x0000000709400000, 0x0000000800000000)
  region size 2048K, 58 young (118784K), 8 survivors (16384K)
 Metaspace       used 87965K, committed 88704K, reserved 1179648K
  class space    used 10934K, committed 11328K, reserved 1048576K
GC Heap History (20 events):
Event: 3161.695 GC heap before
{Heap before GC invocations=49 (full 1):
 garbage-first heap   total 419840K, used 309405K [0x0000000709400000, 0x0000000800000000)
  region size 2048K, 119 young (243712K), 5 survivors (10240K)
 Metaspace       used 86807K, committed 87616K, reserved 1179648K
  class space    used 10845K, committed 11264K, reserved 1048576K
}
Event: 3161.703 GC heap after
{Heap after GC invocations=50 (full 1):
 garbage-first heap   total 419840K, used 87518K [0x0000000709400000, 0x0000000800000000)
  region size 2048K, 10 young (20480K), 10 survivors (20480K)
 Metaspace       used 86807K, committed 87616K, reserved 1179648K
  class space    used 10845K, committed 11264K, reserved 1048576K
}
Event: 3163.799 GC heap before
{Heap before GC invocations=50 (full 1):
 garbage-first heap   total 419840K, used 208350K [0x0000000709400000, 0x0000000800000000)
  region size 2048K, 71 young (145408K), 10 survivors (20480K)
 Metaspace       used 86835K, committed 87616K, reserved 1179648K
  class space    used 10853K, committed 11264K, reserved 1048576K
}
Event: 3163.869 GC heap after
{Heap after GC invocations=51 (full 2):
 garbage-first heap   total 212992K, used 56001K [0x0000000709400000, 0x0000000800000000)
  region size 2048K, 0 young (0K), 0 survivors (0K)
 Metaspace       used 86737K, committed 87616K, reserved 1179648K
  class space    used 10832K, committed 11264K, reserved 1048576K
}
Event: 3165.407 GC heap before
{Heap before GC invocations=51 (full 2):
 garbage-first heap   total 212992K, used 150209K [0x0000000709400000, 0x0000000800000000)
  region size 2048K, 47 young (96256K), 0 survivors (0K)
 Metaspace       used 87016K, committed 87744K, reserved 1179648K
  class space    used 10877K, committed 11264K, reserved 1048576K
}
Event: 3165.411 GC heap after
{Heap after GC invocations=52 (full 2):
 garbage-first heap   total 212992K, used 64020K [0x0000000709400000, 0x0000000800000000)
  region size 2048K, 4 young (8192K), 4 survivors (8192K)
 Metaspace       used 87016K, committed 87744K, reserved 1179648K
  class space    used 10877K, committed 11264K, reserved 1048576K
}
Event: 3166.136 GC heap before
{Heap before GC invocations=52 (full 2):
 garbage-first heap   total 212992K, used 154132K [0x0000000709400000, 0x0000000800000000)
  region size 2048K, 48 young (98304K), 4 survivors (8192K)
 Metaspace       used 87456K, committed 88192K, reserved 1179648K
  class space    used 10908K, committed 11264K, reserved 1048576K
}
Event: 3166.140 GC heap after
{Heap after GC invocations=53 (full 2):
 garbage-first heap   total 212992K, used 68134K [0x0000000709400000, 0x0000000800000000)
  region size 2048K, 4 young (8192K), 4 survivors (8192K)
 Metaspace       used 87456K, committed 88192K, reserved 1179648K
  class space    used 10908K, committed 11264K, reserved 1048576K
}
Event: 3166.419 GC heap before
{Heap before GC invocations=53 (full 2):
 garbage-first heap   total 212992K, used 152102K [0x0000000709400000, 0x0000000800000000)
  region size 2048K, 46 young (94208K), 4 survivors (8192K)
 Metaspace       used 87926K, committed 88704K, reserved 1179648K
  class space    used 10928K, committed 11328K, reserved 1048576K
}
Event: 3166.425 GC heap after
{Heap after GC invocations=54 (full 2):
 garbage-first heap   total 212992K, used 78237K [0x0000000709400000, 0x0000000800000000)
  region size 2048K, 6 young (12288K), 6 survivors (12288K)
 Metaspace       used 87926K, committed 88704K, reserved 1179648K
  class space    used 10928K, committed 11328K, reserved 1048576K
}
Event: 3166.482 GC heap before
{Heap before GC invocations=54 (full 2):
 garbage-first heap   total 212992K, used 154013K [0x0000000709400000, 0x0000000800000000)
  region size 2048K, 44 young (90112K), 6 survivors (12288K)
 Metaspace       used 87933K, committed 88704K, reserved 1179648K
  class space    used 10929K, committed 11328K, reserved 1048576K
}
Event: 3166.494 GC heap after
{Heap after GC invocations=55 (full 2):
 garbage-first heap   total 212992K, used 96491K [0x0000000709400000, 0x0000000800000000)
  region size 2048K, 6 young (12288K), 6 survivors (12288K)
 Metaspace       used 87933K, committed 88704K, reserved 1179648K
  class space    used 10929K, committed 11328K, reserved 1048576K
}
Event: 3166.542 GC heap before
{Heap before GC invocations=55 (full 2):
 garbage-first heap   total 212992K, used 151787K [0x0000000709400000, 0x0000000800000000)
  region size 2048K, 34 young (69632K), 6 survivors (12288K)
 Metaspace       used 87933K, committed 88704K, reserved 1179648K
  class space    used 10929K, committed 11328K, reserved 1048576K
}
Event: 3166.552 GC heap after
{Heap after GC invocations=56 (full 2):
 garbage-first heap   total 464896K, used 111944K [0x0000000709400000, 0x0000000800000000)
  region size 2048K, 5 young (10240K), 5 survivors (10240K)
 Metaspace       used 87933K, committed 88704K, reserved 1179648K
  class space    used 10929K, committed 11328K, reserved 1048576K
}
Event: 3245.254 GC heap before
{Heap before GC invocations=56 (full 2):
 garbage-first heap   total 464896K, used 314696K [0x0000000709400000, 0x0000000800000000)
  region size 2048K, 105 young (215040K), 5 survivors (10240K)
 Metaspace       used 87963K, committed 88704K, reserved 1179648K
  class space    used 10934K, committed 11328K, reserved 1048576K
}
Event: 3245.266 GC heap after
{Heap after GC invocations=57 (full 2):
 garbage-first heap   total 464896K, used 125953K [0x0000000709400000, 0x0000000800000000)
  region size 2048K, 12 young (24576K), 12 survivors (24576K)
 Metaspace       used 87963K, committed 88704K, reserved 1179648K
  class space    used 10934K, committed 11328K, reserved 1048576K
}
Event: 4518.979 GC heap before
{Heap before GC invocations=57 (full 2):
 garbage-first heap   total 464896K, used 326657K [0x0000000709400000, 0x0000000800000000)
  region size 2048K, 110 young (225280K), 12 survivors (24576K)
 Metaspace       used 87963K, committed 88704K, reserved 1179648K
  class space    used 10934K, committed 11328K, reserved 1048576K
}
Event: 4518.988 GC heap after
{Heap after GC invocations=58 (full 2):
 garbage-first heap   total 464896K, used 127681K [0x0000000709400000, 0x0000000800000000)
  region size 2048K, 8 young (16384K), 8 survivors (16384K)
 Metaspace       used 87963K, committed 88704K, reserved 1179648K
  class space    used 10934K, committed 11328K, reserved 1048576K
}
Event: 5885.202 GC heap before
{Heap before GC invocations=58 (full 2):
 garbage-first heap   total 464896K, used 342721K [0x0000000709400000, 0x0000000800000000)
  region size 2048K, 113 young (231424K), 8 survivors (16384K)
 Metaspace       used 87964K, committed 88704K, reserved 1179648K
  class space    used 10934K, committed 11328K, reserved 1048576K
}
Event: 5885.210 GC heap after
{Heap after GC invocations=59 (full 2):
 garbage-first heap   total 464896K, used 127090K [0x0000000709400000, 0x0000000800000000)
  region size 2048K, 8 young (16384K), 8 survivors (16384K)
 Metaspace       used 87964K, committed 88704K, reserved 1179648K
  class space    used 10934K, committed 11328K, reserved 1048576K
}

